<?xml version="1.0" encoding="UTF-8"?>
<!-- Generated by org.testng.reporters.JUnitReportReporter -->
<testsuite hostname="Prafuls-MacBook-Pro.local" failures="0" tests="4" name="APITestLayer.GetDemo2" time="0.049" errors="0" timestamp="2021-12-19T20:12:11 IST" skipped="0">
  <testcase classname="APITestLayer.GetDemo2" name="validateStatusCode" time="0.008"/>
  <system-out/>
  <testcase classname="APITestLayer.GetDemo2" name="validateStatusLine" time="0.002"/>
  <system-out/>
  <testcase classname="APITestLayer.GetDemo2" name="validateResponseBody" time="0.036"/>
  <system-out/>
  <testcase classname="APITestLayer.GetDemo2" name="validateContantTypeHeader" time="0.003"/>
  <system-out/>
</testsuite> <!-- APITestLayer.GetDemo2 -->
