<?xml version="1.0" encoding="UTF-8"?>
<!-- Generated by org.testng.reporters.JUnitReportReporter -->
<testsuite hostname="Prafuls-MacBook-Pro.local" failures="0" tests="9" name="APITestLayer.GetDemo4" time="1.348" errors="0" timestamp="2021-12-16T20:30:20 IST" skipped="0">
  <testcase classname="APITestLayer.GetDemo4" name="validateStatusLine" time="0.018"/>
  <system-out/>
  <testcase classname="APITestLayer.GetDemo4" name="validateStatusCode" time="0.012"/>
  <system-out/>
  <testcase classname="APITestLayer.GetDemo4" name="validateStatusCodeInStatusLine" time="0.032"/>
  <system-out/>
  <testcase classname="APITestLayer.GetDemo4" name="validateFirstNameInResponseBody" time="0.029"/>
  <system-out/>
  <testcase classname="APITestLayer.GetDemo4" name="validateLastNameInResponseBody" time="0.022"/>
  <system-out/>
  <testcase classname="APITestLayer.GetDemo4" name="validateJobInResponseBody" time="1.190"/>
  <system-out/>
  <testcase classname="APITestLayer.GetDemo4" name="validateLocationInResponseBody" time="0.012"/>
  <system-out/>
  <testcase classname="APITestLayer.GetDemo4" name="validateContentTypeHeader" time="0.016"/>
  <system-out/>
  <testcase classname="APITestLayer.GetDemo4" name="validateResposeTime" time="0.017"/>
  <system-out/>
</testsuite> <!-- APITestLayer.GetDemo4 -->
