<?xml version="1.0" encoding="UTF-8"?>
<!-- Generated by org.testng.reporters.JUnitReportReporter -->
<testsuite hostname="Prafuls-MacBook-Pro.local" failures="0" tests="2" name="APITutorial3.GetDemo" time="0.044" errors="0" timestamp="2021-12-24T20:16:23 IST" skipped="0">
  <testcase classname="APITutorial3.GetDemo" name="validateResponseBody" time="0.035"/>
  <system-out/>
  <testcase classname="APITutorial3.GetDemo" name="validateSpecificEntityInResponseBody" time="0.009"/>
  <system-out/>
</testsuite> <!-- APITutorial3.GetDemo -->
