<?xml version="1.0" encoding="UTF-8"?>
<!-- Generated by org.testng.reporters.JUnitReportReporter -->
<testsuite hostname="Prafuls-MacBook-Pro.local" failures="0" tests="2" name="APITutorial2.HeadDemo" time="0.006" errors="0" timestamp="2021-12-22T20:34:57 IST" skipped="0">
  <testcase classname="APITutorial2.HeadDemo" name="validateContentTypeHeader" time="0.005"/>
  <system-out/>
  <testcase classname="APITutorial2.HeadDemo" name="validateStausLine" time="0.001"/>
  <system-out/>
</testsuite> <!-- APITutorial2.HeadDemo -->
