<?xml version="1.0" encoding="UTF-8"?>
<!-- Generated by org.testng.reporters.JUnitReportReporter -->
<testsuite hostname="Prafuls-MacBook-Pro.local" failures="0" tests="4" name="APITutorial3.patchDemo" time="0.035" errors="0" timestamp="2021-12-24T19:43:13 IST" skipped="0">
  <testcase classname="APITutorial3.patchDemo" name="validateStatusCode" time="0.013"/>
  <system-out/>
  <testcase classname="APITutorial3.patchDemo" name="validateStatusLine" time="0.002"/>
  <system-out/>
  <testcase classname="APITutorial3.patchDemo" name="validateresponseBody" time="0.018"/>
  <system-out/>
  <testcase classname="APITutorial3.patchDemo" name="validateContentHeader" time="0.002"/>
  <system-out/>
</testsuite> <!-- APITutorial3.patchDemo -->
