<?xml version="1.0" encoding="UTF-8"?>
<!-- Generated by org.testng.reporters.JUnitReportReporter -->
<testsuite hostname="Prafuls-MacBook-Pro.local" failures="0" tests="5" name="APITutorial2.Demo1" time="0.037" errors="0" timestamp="2021-12-22T20:16:15 IST" skipped="0">
  <testcase classname="APITutorial2.Demo1" name="validateStatusCode" time="0.011"/>
  <system-out/>
  <testcase classname="APITutorial2.Demo1" name="validateStatusLine" time="0.001"/>
  <system-out/>
  <testcase classname="APITutorial2.Demo1" name="validateResponsePayload" time="0.023"/>
  <system-out/>
  <testcase classname="APITutorial2.Demo1" name="validateFirstName" time="0.001"/>
  <system-out/>
  <testcase classname="APITutorial2.Demo1" name="validateHeader" time="0.001"/>
  <system-out/>
</testsuite> <!-- APITutorial2.Demo1 -->
