<?xml version="1.0" encoding="UTF-8"?>
<!-- Generated by org.testng.reporters.JUnitReportReporter -->
<testsuite hostname="Prafuls-MacBook-Pro.local" failures="0" tests="6" name="APITutorial3.PostDemo" time="0.654" errors="0" timestamp="2021-12-24T20:37:21 IST" skipped="0">
  <testcase classname="APITutorial3.PostDemo" name="validateStatusCode" time="0.006"/>
  <system-out/>
  <testcase classname="APITutorial3.PostDemo" name="validateStatusLine" time="0.001"/>
  <system-out/>
  <testcase classname="APITutorial3.PostDemo" name="validateContentHeader" time="0.001"/>
  <system-out/>
  <testcase classname="APITutorial3.PostDemo" name="validateAllHeaders" time="0.002"/>
  <system-out/>
  <testcase classname="APITutorial3.PostDemo" name="validateResposeBody" time="0.023"/>
  <system-out/>
  <testcase classname="APITutorial3.PostDemo" name="validategetResponseBody" time="0.621"/>
  <system-out/>
</testsuite> <!-- APITutorial3.PostDemo -->
