<?xml version="1.0" encoding="UTF-8"?>
<!-- Generated by org.testng.reporters.JUnitReportReporter -->
<testsuite hostname="Prafuls-MacBook-Pro.local" failures="0" tests="5" name="APITutorial3.PatchDemo2" time="0.039" errors="0" timestamp="2021-12-24T19:57:38 IST" skipped="0">
  <testcase classname="APITutorial3.PatchDemo2" name="validateStatusCode" time="0.011"/>
  <system-out/>
  <testcase classname="APITutorial3.PatchDemo2" name="validateStatusLine" time="0.001"/>
  <system-out/>
  <testcase classname="APITutorial3.PatchDemo2" name="validateContentHeader" time="0.003"/>
  <system-out/>
  <testcase classname="APITutorial3.PatchDemo2" name="validateAllHeaders" time="0.004"/>
  <system-out/>
  <testcase classname="APITutorial3.PatchDemo2" name="validateResponseBody" time="0.020"/>
  <system-out/>
</testsuite> <!-- APITutorial3.PatchDemo2 -->
