<?xml version="1.0" encoding="UTF-8"?>
<!-- Generated by org.testng.reporters.JUnitReportReporter -->
<testsuite hostname="Prafuls-MacBook-Pro.local" failures="0" tests="3" name="APITutorial3.DeleteDemo" time="0.007" errors="0" timestamp="2021-12-24T20:08:07 IST" skipped="0">
  <testcase classname="APITutorial3.DeleteDemo" name="validateStatusCode" time="0.005"/>
  <system-out/>
  <testcase classname="APITutorial3.DeleteDemo" name="validateStatusLine" time="0.001"/>
  <system-out/>
  <testcase classname="APITutorial3.DeleteDemo" name="validatecontenttypeHeaders" time="0.001"/>
  <system-out/>
</testsuite> <!-- APITutorial3.DeleteDemo -->
